Arguments: 
  /usr/local/Cellar/node/8.1.4/bin/node /usr/local/bin/yarn add jquery

PATH: 
  /Users/Office/.gem/ruby/2.4.3/bin:/Users/Office/.rubies/ruby-2.4.3/lib/ruby/gems/2.4.0/bin:/Users/Office/.rubies/ruby-2.4.3/bin:/usr/local:/usr/local/bin:/usr/local/sbin:/usr/bin:/Users/Office/.fastlane/bin:/usr/local/bin:/usr/bin:/bin:/usr/sbin:/sbin:/opt/X11/bin:/Library/Frameworks/Mono.framework/Versions/Current/Commands:/Applications/Xamarin Workbooks.app/Contents/SharedSupport/path-bin:/usr/local:/usr/local/sbin:/Users/Office/.fastlane/bin

Yarn version: 
  1.7.0

Node version: 
  8.1.4

Platform: 
  darwin x64

Trace: 
  Error: getaddrinfo ENOTFOUND registry.yarnpkg.com registry.yarnpkg.com:443
      at errnoException (dns.js:50:10)
      at GetAddrInfoReqWrap.onlookup [as oncomplete] (dns.js:91:26)

npm manifest: 
  {
      "dependencies": {
          "bootstrap": "4.0.0",
          "jquery": ">=3.0.0",
          "popper.js": "^1.11.0"
      }
  }

yarn manifest: 
  No manifest

Lockfile: 
  # THIS IS AN AUTOGENERATED FILE. DO NOT EDIT THIS FILE DIRECTLY.
  # yarn lockfile v1
  
  
  bootstrap@4.0.0:
    version "4.0.0"
    resolved "https://registry.yarnpkg.com/bootstrap/-/bootstrap-4.0.0.tgz#ceb03842c145fcc1b9b4e15da2a05656ba68469a"
  
  jquery@>=3.0.0:
    version "3.3.1"
    resolved "https://registry.yarnpkg.com/jquery/-/jquery-3.3.1.tgz#958ce29e81c9790f31be7792df5d4d95fc57fbca"
  
  popper.js@^1.11.0:
    version "1.14.3"
    resolved "https://registry.yarnpkg.com/popper.js/-/popper.js-1.14.3.tgz#1438f98d046acf7b4d78cd502bf418ac64d4f095"
